<?xml version="1.0" encoding="UTF-8"?>
<!-- Generated by org.testng.reporters.JUnitXMLReporter -->
<testsuite hostname="DESKTOP-0705QLA" ignored="0" name="HTTPClientTESTcases" tests="5" failures="0" timestamp="07 Oct 2019 12:29:25 GMT" time="8.524" errors="0">
  <testcase name="createusertest" time="2.94" classname="com.qa.tests.PostAPITestCase"/>
  <testcase name="getAPITest" time="0.331" classname="com.qa.tests.GetAPITestCase"/>
  <testcase name="getAPITest" time="0.361" classname="com.qa.tests.DeleteAPITestCase"/>
  <testcase name="getAPITest" time="4.345" classname="com.qa.tests.GetCitydetailsAPITestCase"/>
  <testcase name="createusertest" time="0.403" classname="com.qa.tests.PutAPITestCASE"/>
</testsuite> <!-- HTTPClientTESTcases -->
